0 info it worked if it ends with ok
1 verbose cli [ '/Users/sakape/.nodebrew/node/v0.10.38/bin/node',
1 verbose cli   '/Users/sakape/.nodebrew/current/bin/npm',
1 verbose cli   'test',
1 verbose cli   'help' ]
2 info using npm@1.4.28
3 info using node@v0.10.38
4 error Error: ENOENT, open '/Users/sakape/git/hubot-remotty/node_modules/help/package.json'
5 error If you need help, you may report this *entire* log,
5 error including the npm and node versions, at:
5 error     <http://github.com/npm/npm/issues>
6 error System Darwin 14.4.0
7 error command "/Users/sakape/.nodebrew/node/v0.10.38/bin/node" "/Users/sakape/.nodebrew/current/bin/npm" "test" "help"
8 error cwd /Users/sakape/git/hubot-remotty
9 error node -v v0.10.38
10 error npm -v 1.4.28
11 error path /Users/sakape/git/hubot-remotty/node_modules/help/package.json
12 error code ENOENT
13 error errno 34
14 verbose exit [ 34, true ]
